{"total": {"lines":{"total":1704,"covered":1475,"skipped":0,"pct":86.56},"statements":{"total":1751,"covered":1515,"skipped":0,"pct":86.52},"functions":{"total":242,"covered":218,"skipped":0,"pct":90.08},"branches":{"total":1473,"covered":1087,"skipped":0,"pct":73.79},"branchesTrue":{"total":0,"covered":0,"skipped":0,"pct":"Unknown"}}
,"/home/knights/Documents/Drips Miantainer Project/SoroTask/keeper/src/concurrency.js": {"lines":{"total":63,"covered":59,"skipped":0,"pct":93.65},"functions":{"total":9,"covered":7,"skipped":0,"pct":77.77},"statements":{"total":64,"covered":59,"skipped":0,"pct":92.18},"branches":{"total":33,"covered":29,"skipped":0,"pct":87.87}}
,"/home/knights/Documents/Drips Miantainer Project/SoroTask/keeper/src/fraudDetection.js": {"lines":{"total":263,"covered":232,"skipped":0,"pct":88.21},"functions":{"total":45,"covered":37,"skipped":0,"pct":82.22},"statements":{"total":277,"covered":244,"skipped":0,"pct":88.08},"branches":{"total":237,"covered":177,"skipped":0,"pct":74.68}}
,"/home/knights/Documents/Drips Miantainer Project/SoroTask/keeper/src/logger.js": {"lines":{"total":44,"covered":44,"skipped":0,"pct":100},"functions":{"total":27,"covered":27,"skipped":0,"pct":100},"statements":{"total":44,"covered":44,"skipped":0,"pct":100},"branches":{"total":26,"covered":16,"skipped":0,"pct":61.53}}
,"/home/knights/Documents/Drips Miantainer Project/SoroTask/keeper/src/poller.js": {"lines":{"total":356,"covered":294,"skipped":0,"pct":82.58},"functions":{"total":33,"covered":29,"skipped":0,"pct":87.87},"statements":{"total":358,"covered":296,"skipped":0,"pct":82.68},"branches":{"total":328,"covered":243,"skipped":0,"pct":74.08}}
,"/home/knights/Documents/Drips Miantainer Project/SoroTask/keeper/src/queue.js": {"lines":{"total":297,"covered":233,"skipped":0,"pct":78.45},"functions":{"total":35,"covered":31,"skipped":0,"pct":88.57},"statements":{"total":300,"covered":235,"skipped":0,"pct":78.33},"branches":{"total":251,"covered":167,"skipped":0,"pct":66.53}}
,"/home/knights/Documents/Drips Miantainer Project/SoroTask/keeper/src/reconciliation.js": {"lines":{"total":308,"covered":243,"skipped":0,"pct":78.89},"functions":{"total":37,"covered":32,"skipped":0,"pct":86.48},"statements":{"total":312,"covered":246,"skipped":0,"pct":78.84},"branches":{"total":273,"covered":161,"skipped":0,"pct":58.97}}
,"/home/knights/Documents/Drips Miantainer Project/SoroTask/keeper/src/registry.js": {"lines":{"total":146,"covered":144,"skipped":0,"pct":98.63},"functions":{"total":23,"covered":22,"skipped":0,"pct":95.65},"statements":{"total":158,"covered":154,"skipped":0,"pct":97.46},"branches":{"total":144,"covered":126,"skipped":0,"pct":87.5}}
,"/home/knights/Documents/Drips Miantainer Project/SoroTask/keeper/src/retry.js": {"lines":{"total":72,"covered":71,"skipped":0,"pct":98.61},"functions":{"total":13,"covered":13,"skipped":0,"pct":100},"statements":{"total":76,"covered":75,"skipped":0,"pct":98.68},"branches":{"total":78,"covered":71,"skipped":0,"pct":91.02}}
,"/home/knights/Documents/Drips Miantainer Project/SoroTask/keeper/src/sloMetrics.js": {"lines":{"total":94,"covered":94,"skipped":0,"pct":100},"functions":{"total":11,"covered":11,"skipped":0,"pct":100},"statements":{"total":97,"covered":97,"skipped":0,"pct":100},"branches":{"total":71,"covered":67,"skipped":0,"pct":94.36}}
,"/home/knights/Documents/Drips Miantainer Project/SoroTask/keeper/src/taskSnapshot.js": {"lines":{"total":61,"covered":61,"skipped":0,"pct":100},"functions":{"total":9,"covered":9,"skipped":0,"pct":100},"statements":{"total":65,"covered":65,"skipped":0,"pct":100},"branches":{"total":32,"covered":30,"skipped":0,"pct":93.75}}
}
