TN:
SF:src/concurrency.js
FN:14,createRateLimiter
FN:32,(anonymous_1)
FN:54,(anonymous_2)
FN:109,(anonymous_3)
FN:115,(anonymous_4)
FN:116,(anonymous_5)
FN:121,(anonymous_6)
FN:128,(anonymous_7)
FN:140,createConcurrencyLimit
FNF:9
FNH:7
FNDA:148,createRateLimiter
FNDA:142,(anonymous_1)
FNDA:305,(anonymous_2)
FNDA:138,(anonymous_3)
FNDA:142,(anonymous_4)
FNDA:142,(anonymous_5)
FNDA:60,(anonymous_6)
FNDA:0,(anonymous_7)
FNDA:0,createConcurrencyLimit
DA:22,148
DA:24,148
DA:25,148
DA:26,148
DA:27,148
DA:29,148
DA:30,148
DA:32,148
DA:33,142
DA:34,137
DA:35,137
DA:38,5
DA:39,5
DA:41,5
DA:42,5
DA:43,5
DA:44,5
DA:45,0
DA:47,5
DA:51,5
DA:54,148
DA:55,305
DA:56,125
DA:59,180
DA:60,17
DA:63,163
DA:64,157
DA:65,157
DA:66,12
DA:69,157
DA:70,25
DA:71,3
DA:72,3
DA:73,0
DA:81,25
DA:82,3
DA:85,25
DA:86,25
DA:87,25
DA:88,25
DA:92,138
DA:93,3
DA:94,3
DA:95,0
DA:99,138
DA:100,138
DA:102,138
DA:103,132
DA:106,138
DA:110,138
DA:111,138
DA:115,148
DA:116,142
DA:117,142
DA:118,142
DA:121,148
DA:122,60
DA:123,4
DA:124,4
DA:128,148
DA:134,148
DA:141,0
DA:144,5
LF:63
LH:59
BRDA:14,0,0,0
BRDA:16,1,0,2
BRDA:17,2,0,2
BRDA:19,3,0,4
BRDA:33,4,0,137
BRDA:33,4,1,5
BRDA:33,5,0,142
BRDA:33,5,1,56
BRDA:44,6,0,0
BRDA:44,6,1,5
BRDA:55,7,0,125
BRDA:55,7,1,180
BRDA:59,8,0,17
BRDA:59,8,1,163
BRDA:63,9,0,157
BRDA:63,9,1,6
BRDA:65,10,0,169
BRDA:65,10,1,92
BRDA:69,11,0,25
BRDA:69,11,1,132
BRDA:70,12,0,3
BRDA:70,12,1,22
BRDA:72,13,0,0
BRDA:72,13,1,3
BRDA:81,14,0,3
BRDA:81,14,1,22
BRDA:92,15,0,3
BRDA:92,15,1,135
BRDA:94,16,0,0
BRDA:94,16,1,3
BRDA:102,17,0,132
BRDA:102,17,1,6
BRDA:115,18,0,86
BRF:33
BRH:29
end_of_record
TN:
SF:src/fraudDetection.js
FN:21,parseInteger
FN:26,clampNonNegative
FN:30,median
FN:35,(anonymous_3)
FN:42,safeString
FN:50,(anonymous_5)
FN:56,(anonymous_6)
FN:129,(anonymous_7)
FN:138,(anonymous_8)
FN:146,(anonymous_9)
FN:154,(anonymous_10)
FN:184,(anonymous_11)
FN:197,(anonymous_12)
FN:255,(anonymous_13)
FN:259,(anonymous_14)
FN:280,(anonymous_15)
FN:304,(anonymous_16)
FN:331,(anonymous_17)
FN:352,(anonymous_18)
FN:364,(anonymous_19)
FN:370,(anonymous_20)
FN:373,(anonymous_21)
FN:376,(anonymous_22)
FN:377,(anonymous_23)
FN:378,(anonymous_24)
FN:379,(anonymous_25)
FN:379,(anonymous_26)
FN:380,(anonymous_27)
FN:380,(anonymous_28)
FN:381,(anonymous_29)
FN:381,(anonymous_30)
FN:384,(anonymous_31)
FN:388,(anonymous_32)
FN:389,(anonymous_33)
FN:393,(anonymous_34)
FN:394,(anonymous_35)
FN:411,(anonymous_36)
FN:420,(anonymous_37)
FN:421,(anonymous_38)
FN:470,(anonymous_39)
FN:497,(anonymous_40)
FN:556,(anonymous_41)
FN:581,(anonymous_42)
FN:626,(anonymous_43)
FN:663,(anonymous_44)
FNF:45
FNH:37
FNDA:46,parseInteger
FNDA:10,clampNonNegative
FNDA:12,median
FNDA:3,(anonymous_3)
FNDA:50,safeString
FNDA:6,(anonymous_5)
FNDA:0,(anonymous_6)
FNDA:32,(anonymous_7)
FNDA:8,(anonymous_8)
FNDA:2,(anonymous_9)
FNDA:4,(anonymous_10)
FNDA:13,(anonymous_11)
FNDA:7,(anonymous_12)
FNDA:0,(anonymous_13)
FNDA:10,(anonymous_14)
FNDA:0,(anonymous_15)
FNDA:10,(anonymous_16)
FNDA:0,(anonymous_17)
FNDA:10,(anonymous_18)
FNDA:10,(anonymous_19)
FNDA:13,(anonymous_20)
FNDA:13,(anonymous_21)
FNDA:13,(anonymous_22)
FNDA:12,(anonymous_23)
FNDA:13,(anonymous_24)
FNDA:9,(anonymous_25)
FNDA:9,(anonymous_26)
FNDA:12,(anonymous_27)
FNDA:12,(anonymous_28)
FNDA:13,(anonymous_29)
FNDA:13,(anonymous_30)
FNDA:13,(anonymous_31)
FNDA:0,(anonymous_32)
FNDA:0,(anonymous_33)
FNDA:13,(anonymous_34)
FNDA:13,(anonymous_35)
FNDA:9,(anonymous_36)
FNDA:13,(anonymous_37)
FNDA:0,(anonymous_38)
FNDA:6,(anonymous_39)
FNDA:6,(anonymous_40)
FNDA:5,(anonymous_41)
FNDA:0,(anonymous_42)
FNDA:1,(anonymous_43)
FNDA:17,(anonymous_44)
DA:1,1
DA:2,1
DA:4,1
DA:5,1
DA:6,1
DA:7,1
DA:8,1
DA:9,1
DA:10,1
DA:11,1
DA:12,1
DA:13,1
DA:14,1
DA:15,1
DA:16,1
DA:17,1
DA:18,1
DA:19,1
DA:22,46
DA:23,46
DA:27,10
DA:31,12
DA:32,2
DA:35,10
DA:36,10
DA:37,10
DA:43,50
DA:44,48
DA:46,2
DA:51,6
DA:53,6
DA:54,6
DA:55,6
DA:56,6
DA:58,6
DA:60,6
DA:63,6
DA:66,6
DA:69,6
DA:72,6
DA:75,6
DA:78,6
DA:81,6
DA:84,6
DA:87,6
DA:90,6
DA:93,6
DA:96,6
DA:99,6
DA:102,6
DA:105,6
DA:109,6
DA:110,6
DA:111,6
DA:112,6
DA:113,6
DA:114,6
DA:116,6
DA:130,32
DA:131,32
DA:132,32
DA:134,0
DA:139,8
DA:147,2
DA:155,4
DA:156,4
DA:158,4
DA:185,13
DA:186,6
DA:189,7
DA:190,7
DA:191,7
DA:193,7
DA:198,7
DA:199,2
DA:202,5
DA:203,5
DA:204,5
DA:205,5
DA:207,5
DA:208,5
DA:209,5
DA:211,0
DA:215,5
DA:217,5
DA:218,0
DA:221,5
DA:222,5
DA:223,5
DA:225,1
DA:231,1
DA:232,1
DA:233,0
DA:234,0
DA:236,1
DA:237,1
DA:238,1
DA:240,1
DA:244,1
DA:256,0
DA:260,10
DA:261,10
DA:262,10
DA:263,10
DA:264,10
DA:265,10
DA:268,10
DA:269,10
DA:271,10
DA:272,6
DA:273,6
DA:274,6
DA:275,6
DA:278,10
DA:279,10
DA:280,6
DA:281,0
DA:288,10
DA:290,0
DA:294,0
DA:305,10
DA:306,10
DA:309,10
DA:310,10
DA:314,10
DA:332,0
DA:333,0
DA:343,0
DA:344,0
DA:345,0
DA:349,0
DA:353,10
DA:354,10
DA:355,10
DA:356,0
DA:358,10
DA:359,2
DA:365,10
DA:366,10
DA:367,10
DA:369,10
DA:370,13
DA:372,10
DA:373,13
DA:376,13
DA:377,12
DA:378,13
DA:379,10
DA:380,12
DA:381,13
DA:382,10
DA:383,10
DA:384,13
DA:387,10
DA:388,0
DA:389,0
DA:391,10
DA:393,13
DA:394,13
DA:397,10
DA:398,10
DA:399,10
DA:401,10
DA:402,4
DA:403,4
DA:406,10
DA:407,1
DA:408,1
DA:411,10
DA:412,10
DA:416,0
DA:417,0
DA:420,13
DA:421,10
DA:422,10
DA:426,5
DA:427,5
DA:430,10
DA:434,0
DA:435,0
DA:438,10
DA:439,1
DA:440,1
DA:441,0
DA:442,0
DA:446,10
DA:447,6
DA:450,4
DA:451,0
DA:454,10
DA:471,6
DA:477,6
DA:498,6
DA:499,6
DA:500,6
DA:501,1
DA:502,1
DA:503,1
DA:505,1
DA:510,1
DA:513,5
DA:514,0
DA:515,0
DA:520,5
DA:526,5
DA:527,5
DA:531,5
DA:532,0
DA:534,5
DA:535,5
DA:536,5
DA:538,5
DA:539,5
DA:551,5
DA:552,5
DA:553,5
DA:557,5
DA:563,5
DA:564,3
DA:569,3
DA:570,3
DA:571,3
DA:573,3
DA:574,3
DA:577,2
DA:580,2
DA:581,0
DA:584,2
DA:585,2
DA:595,2
DA:596,1
DA:599,1
DA:600,1
DA:601,1
DA:603,1
DA:604,1
DA:605,1
DA:606,1
DA:611,1
DA:612,1
DA:614,1
DA:618,1
DA:620,2
DA:621,2
DA:627,1
DA:635,1
DA:636,1
DA:637,0
DA:640,1
DA:641,1
DA:642,1
DA:645,1
DA:650,1
DA:651,1
DA:659,1
DA:660,1
DA:664,17
DA:665,0
DA:668,17
DA:669,17
DA:676,17
DA:677,17
DA:682,1
LF:263
LH:232
BRDA:23,0,0,0
BRDA:23,0,1,46
BRDA:26,1,0,0
BRDA:27,2,0,10
BRDA:27,2,1,0
BRDA:27,3,0,10
BRDA:27,3,1,10
BRDA:31,4,0,2
BRDA:31,4,1,10
BRDA:37,5,0,3
BRDA:37,5,1,7
BRDA:43,6,0,48
BRDA:43,6,1,2
BRDA:43,7,0,50
BRDA:43,7,1,50
BRDA:50,8,0,0
BRDA:53,9,0,6
BRDA:53,9,1,6
BRDA:54,10,0,6
BRDA:54,10,1,0
BRDA:55,11,0,6
BRDA:55,11,1,0
BRDA:56,12,0,6
BRDA:56,12,1,0
BRDA:59,13,0,6
BRDA:59,13,1,4
BRDA:59,13,2,4
BRDA:61,14,0,6
BRDA:61,14,1,5
BRDA:64,15,0,6
BRDA:64,15,1,1
BRDA:67,16,0,6
BRDA:67,16,1,1
BRDA:70,17,0,6
BRDA:70,17,1,1
BRDA:73,18,0,6
BRDA:73,18,1,6
BRDA:74,19,0,6
BRDA:74,19,1,6
BRDA:76,20,0,6
BRDA:76,20,1,6
BRDA:79,21,0,6
BRDA:79,21,1,2
BRDA:80,22,0,2
BRDA:80,22,1,2
BRDA:82,23,0,6
BRDA:82,23,1,1
BRDA:85,24,0,6
BRDA:85,24,1,1
BRDA:88,25,0,6
BRDA:88,25,1,1
BRDA:91,26,0,6
BRDA:91,26,1,1
BRDA:94,27,0,6
BRDA:94,27,1,6
BRDA:97,28,0,6
BRDA:97,28,1,6
BRDA:100,29,0,6
BRDA:100,29,1,4
BRDA:103,30,0,6
BRDA:103,30,1,6
BRDA:106,31,0,6
BRDA:106,31,1,6
BRDA:131,32,0,32
BRDA:131,32,1,0
BRDA:132,33,0,32
BRDA:132,33,1,0
BRDA:138,34,0,0
BRDA:141,35,0,8
BRDA:141,35,1,8
BRDA:142,36,0,8
BRDA:142,36,1,0
BRDA:146,37,0,0
BRDA:149,38,0,2
BRDA:149,38,1,2
BRDA:150,39,0,2
BRDA:150,39,1,0
BRDA:185,40,0,6
BRDA:185,40,1,7
BRDA:198,41,0,2
BRDA:198,41,1,5
BRDA:208,42,0,5
BRDA:208,42,1,0
BRDA:208,43,0,5
BRDA:208,43,1,3
BRDA:217,44,0,0
BRDA:217,44,1,5
BRDA:232,45,0,0
BRDA:232,45,1,1
BRDA:237,46,0,1
BRDA:237,46,1,0
BRDA:237,47,0,1
BRDA:237,47,1,1
BRDA:242,48,0,1
BRDA:242,48,1,0
BRDA:247,49,0,1
BRDA:247,49,1,0
BRDA:264,50,0,10
BRDA:264,50,1,0
BRDA:264,51,0,10
BRDA:264,51,1,10
BRDA:271,52,0,6
BRDA:271,52,1,4
BRDA:279,53,0,6
BRDA:279,53,1,4
BRDA:279,54,0,10
BRDA:279,54,1,4
BRDA:306,55,0,0
BRDA:306,55,1,10
BRDA:306,56,0,10
BRDA:306,56,1,10
BRDA:309,57,0,10
BRDA:309,57,1,2
BRDA:310,58,0,0
BRDA:310,58,1,10
BRDA:316,59,0,10
BRDA:316,59,1,0
BRDA:317,60,0,10
BRDA:317,60,1,0
BRDA:325,61,0,0
BRDA:325,61,1,10
BRDA:325,62,0,10
BRDA:325,62,1,0
BRDA:344,63,0,0
BRDA:344,63,1,0
BRDA:344,64,0,0
BRDA:344,64,1,0
BRDA:358,65,0,12
BRDA:358,65,1,12
BRDA:378,66,0,13
BRDA:378,66,1,12
BRDA:384,67,0,13
BRDA:384,67,1,13
BRDA:401,68,0,4
BRDA:401,68,1,6
BRDA:406,69,0,1
BRDA:406,69,1,9
BRDA:412,70,0,0
BRDA:412,70,1,10
BRDA:413,71,0,10
BRDA:413,71,1,8
BRDA:422,72,0,5
BRDA:422,72,1,5
BRDA:423,73,0,10
BRDA:423,73,1,5
BRDA:430,74,0,0
BRDA:430,74,1,10
BRDA:431,75,0,10
BRDA:431,75,1,0
BRDA:438,76,0,1
BRDA:438,76,1,9
BRDA:438,77,0,10
BRDA:438,77,1,1
BRDA:440,78,0,0
BRDA:440,78,1,1
BRDA:446,79,0,6
BRDA:446,79,1,4
BRDA:446,80,0,10
BRDA:446,80,1,5
BRDA:447,81,0,5
BRDA:447,81,1,1
BRDA:447,82,0,6
BRDA:447,82,1,2
BRDA:450,83,0,0
BRDA:450,83,1,4
BRDA:457,84,0,10
BRDA:457,84,1,5
BRDA:472,85,0,6
BRDA:472,85,1,0
BRDA:478,86,0,6
BRDA:478,86,1,0
BRDA:485,87,0,6
BRDA:485,87,1,0
BRDA:500,88,0,1
BRDA:500,88,1,5
BRDA:500,89,0,6
BRDA:500,89,1,1
BRDA:502,90,0,1
BRDA:502,90,1,0
BRDA:502,91,0,1
BRDA:502,91,1,1
BRDA:513,92,0,0
BRDA:513,92,1,5
BRDA:535,93,0,5
BRDA:535,93,1,0
BRDA:535,94,0,5
BRDA:535,94,1,5
BRDA:538,95,0,5
BRDA:538,95,1,0
BRDA:538,96,0,5
BRDA:538,96,1,5
BRDA:563,97,0,3
BRDA:563,97,1,2
BRDA:570,98,0,3
BRDA:570,98,1,0
BRDA:570,99,0,3
BRDA:570,99,1,3
BRDA:577,100,0,2
BRDA:577,100,1,0
BRDA:580,101,0,2
BRDA:580,101,1,0
BRDA:592,102,0,2
BRDA:592,102,1,0
BRDA:595,103,0,1
BRDA:595,103,1,1
BRDA:600,104,0,1
BRDA:600,104,1,0
BRDA:600,105,0,1
BRDA:600,105,1,1
BRDA:616,106,0,1
BRDA:616,106,1,0
BRDA:620,107,0,2
BRDA:620,107,1,0
BRDA:626,108,0,0
BRDA:629,109,0,1
BRDA:629,109,1,0
BRDA:630,110,0,1
BRDA:630,110,1,0
BRDA:631,111,0,1
BRDA:631,111,1,0
BRDA:631,111,2,0
BRDA:632,112,0,1
BRDA:632,112,1,0
BRDA:641,113,0,1
BRDA:641,113,1,0
BRDA:641,114,0,1
BRDA:641,114,1,1
BRDA:650,115,0,1
BRDA:650,115,1,0
BRDA:650,116,0,1
BRDA:650,116,1,1
BRDA:664,117,0,0
BRDA:664,117,1,17
BRDA:668,118,0,17
BRDA:668,118,1,0
BRDA:676,119,0,17
BRDA:676,119,1,0
BRF:237
BRH:177
end_of_record
TN:
SF:src/logger.js
FN:34,normalizeLogLevel
FN:38,shouldUsePrettyTransport
FN:48,createBaseLogger
FN:60,(anonymous_3)
FN:67,(anonymous_4)
FN:72,(anonymous_5)
FN:104,getBaseLogger
FN:122,createLogger
FN:130,(anonymous_8)
FN:133,(anonymous_9)
FN:136,(anonymous_10)
FN:139,(anonymous_11)
FN:142,(anonymous_12)
FN:145,(anonymous_13)
FN:151,(anonymous_14)
FN:162,createTracedLogger
FN:164,(anonymous_16)
FN:167,(anonymous_17)
FN:170,(anonymous_18)
FN:173,(anonymous_19)
FN:176,(anonymous_20)
FN:179,(anonymous_21)
FN:183,(anonymous_22)
FN:195,createChildLogger
FN:205,reinitializeLogger
FN:214,getLogLevel
FN:222,setLogLevel
FNF:27
FNH:27
FNDA:51,normalizeLogLevel
FNDA:98,shouldUsePrettyTransport
FNDA:49,createBaseLogger
FNDA:49,(anonymous_3)
FNDA:294,(anonymous_4)
FNDA:804,(anonymous_5)
FNDA:270,getBaseLogger
FNDA:262,createLogger
FNDA:1,(anonymous_8)
FNDA:301,(anonymous_9)
FNDA:651,(anonymous_10)
FNDA:55,(anonymous_11)
FNDA:24,(anonymous_12)
FNDA:1,(anonymous_13)
FNDA:19,(anonymous_14)
FNDA:20,createTracedLogger
FNDA:1,(anonymous_16)
FNDA:1,(anonymous_17)
FNDA:29,(anonymous_18)
FNDA:1,(anonymous_19)
FNDA:2,(anonymous_20)
FNDA:1,(anonymous_21)
FNDA:1,(anonymous_22)
FNDA:1,createChildLogger
FNDA:2,reinitializeLogger
FNDA:3,getLogLevel
FNDA:1,setLogLevel
DA:14,54
DA:20,54
DA:32,54
DA:35,51
DA:39,98
DA:49,49
DA:61,49
DA:68,294
DA:72,804
DA:80,49
DA:81,1
DA:92,49
DA:93,49
DA:94,49
DA:98,54
DA:105,270
DA:106,47
DA:108,270
DA:123,262
DA:126,262
DA:129,262
DA:131,1
DA:134,301
DA:137,651
DA:140,55
DA:143,24
DA:146,1
DA:152,19
DA:153,19
DA:163,20
DA:165,1
DA:168,1
DA:171,29
DA:174,1
DA:177,2
DA:180,1
DA:184,1
DA:185,1
DA:196,1
DA:206,2
DA:207,2
DA:215,3
DA:223,1
DA:227,54
LF:44
LH:44
BRDA:35,0,0,4
BRDA:35,0,1,47
BRDA:48,1,0,47
BRDA:80,2,0,1
BRDA:80,2,1,48
BRDA:81,3,0,1
BRDA:81,3,1,1
BRDA:92,4,0,1
BRDA:92,4,1,48
BRDA:93,5,0,1
BRDA:93,5,1,48
BRDA:105,6,0,47
BRDA:105,6,1,223
BRDA:130,7,0,0
BRDA:133,8,0,20
BRDA:136,9,0,197
BRDA:139,10,0,4
BRDA:142,11,0,0
BRDA:145,12,0,0
BRDA:164,13,0,0
BRDA:167,14,0,0
BRDA:170,15,0,0
BRDA:173,16,0,0
BRDA:176,17,0,0
BRDA:179,18,0,0
BRDA:205,19,0,0
BRF:26
BRH:16
end_of_record
TN:
SF:src/poller.js
FN:10,normalizeLogger
FN:17,(anonymous_1)
FN:21,(anonymous_2)
FN:22,(anonymous_3)
FN:33,(anonymous_4)
FN:85,(anonymous_5)
FN:137,(anonymous_6)
FN:159,(anonymous_7)
FN:260,(anonymous_8)
FN:261,(anonymous_9)
FN:288,(anonymous_10)
FN:334,(anonymous_11)
FN:336,(anonymous_12)
FN:337,(anonymous_13)
FN:376,(anonymous_14)
FN:438,(anonymous_15)
FN:463,(anonymous_16)
FN:642,(anonymous_17)
FN:659,(anonymous_18)
FN:743,(anonymous_19)
FN:798,(anonymous_20)
FN:826,(anonymous_21)
FN:875,(anonymous_22)
FN:906,(anonymous_23)
FN:910,(anonymous_24)
FN:938,(anonymous_25)
FN:960,(anonymous_26)
FN:989,(anonymous_27)
FN:993,(anonymous_28)
FN:1003,(anonymous_29)
FN:1014,(anonymous_30)
FN:1024,(anonymous_31)
FN:1034,(anonymous_32)
FNF:33
FNH:29
FNDA:76,normalizeLogger
FNDA:5,(anonymous_1)
FNDA:21,(anonymous_2)
FNDA:19,(anonymous_3)
FNDA:55,(anonymous_4)
FNDA:0,(anonymous_5)
FNDA:0,(anonymous_6)
FNDA:25,(anonymous_7)
FNDA:40,(anonymous_8)
FNDA:40,(anonymous_9)
FNDA:40,(anonymous_10)
FNDA:37,(anonymous_11)
FNDA:13,(anonymous_12)
FNDA:2,(anonymous_13)
FNDA:0,(anonymous_14)
FNDA:1,(anonymous_15)
FNDA:26,(anonymous_16)
FNDA:16,(anonymous_17)
FNDA:16,(anonymous_18)
FNDA:12,(anonymous_19)
FNDA:12,(anonymous_20)
FNDA:50,(anonymous_21)
FNDA:44,(anonymous_22)
FNDA:2,(anonymous_23)
FNDA:27,(anonymous_24)
FNDA:20,(anonymous_25)
FNDA:4,(anonymous_26)
FNDA:1,(anonymous_27)
FNDA:4,(anonymous_28)
FNDA:0,(anonymous_29)
FNDA:2,(anonymous_30)
FNDA:1,(anonymous_31)
FNDA:2,(anonymous_32)
DA:1,3
DA:2,3
DA:3,3
DA:4,3
DA:5,3
DA:6,3
DA:7,3
DA:8,3
DA:11,76
DA:12,76
DA:14,76
DA:15,456
DA:20,76
DA:21,21
DA:22,19
DA:24,76
DA:34,55
DA:35,55
DA:38,55
DA:41,55
DA:44,55
DA:45,55
DA:46,55
DA:47,55
DA:48,55
DA:49,55
DA:50,55
DA:54,55
DA:60,55
DA:64,55
DA:70,55
DA:74,55
DA:80,55
DA:86,0
DA:87,0
DA:93,55
DA:104,55
DA:116,55
DA:119,55
DA:125,55
DA:131,55
DA:132,4
DA:133,51
DA:134,1
DA:137,0
DA:148,50
DA:160,25
DA:161,25
DA:163,25
DA:164,25
DA:165,25
DA:166,25
DA:167,25
DA:168,25
DA:169,25
DA:170,25
DA:171,25
DA:174,25
DA:175,0
DA:178,25
DA:179,25
DA:181,25
DA:182,3
DA:183,3
DA:193,3
DA:196,22
DA:198,22
DA:199,22
DA:203,22
DA:206,22
DA:207,22
DA:209,22
DA:210,5
DA:211,5
DA:218,5
DA:219,5
DA:220,5
DA:222,5
DA:223,4
DA:235,22
DA:243,22
DA:244,22
DA:245,2
DA:246,2
DA:247,2
DA:253,0
DA:256,0
DA:260,22
DA:261,40
DA:262,40
DA:263,40
DA:264,40
DA:265,40
DA:271,37
DA:272,37
DA:276,22
DA:279,22
DA:280,22
DA:281,22
DA:283,22
DA:284,22
DA:285,22
DA:286,22
DA:288,22
DA:289,40
DA:290,37
DA:292,37
DA:293,24
DA:298,24
DA:299,24
DA:300,24
DA:301,1
DA:303,13
DA:304,2
DA:305,11
DA:306,1
DA:309,37
DA:310,13
DA:313,37
DA:314,9
DA:315,28
DA:316,0
DA:319,37
DA:320,6
DA:321,6
DA:324,37
DA:325,3
DA:326,3
DA:327,3
DA:331,22
DA:333,22
DA:334,37
DA:336,22
DA:337,22
DA:339,22
DA:351,22
DA:353,22
DA:354,22
DA:355,0
DA:356,0
DA:357,0
DA:363,0
DA:374,22
DA:376,0
DA:377,0
DA:378,0
DA:386,0
DA:394,22
DA:396,22
DA:397,0
DA:400,0
DA:401,0
DA:404,0
DA:405,0
DA:412,22
DA:415,0
DA:416,0
DA:417,0
DA:418,0
DA:422,0
DA:423,0
DA:426,0
DA:427,0
DA:434,0
DA:439,1
DA:443,1
DA:444,1
DA:447,1
DA:464,26
DA:465,26
DA:469,26
DA:471,26
DA:474,26
DA:475,2
DA:476,24
DA:479,1
DA:480,1
DA:481,1
DA:485,23
DA:488,21
DA:489,20
DA:493,24
DA:494,1
DA:495,1
DA:496,0
DA:497,0
DA:501,23
DA:502,0
DA:506,23
DA:507,23
DA:508,0
DA:509,0
DA:513,23
DA:514,3
DA:515,3
DA:516,0
DA:517,0
DA:521,20
DA:522,20
DA:523,20
DA:524,4
DA:527,20
DA:528,20
DA:529,20
DA:531,20
DA:532,20
DA:533,20
DA:535,20
DA:538,20
DA:540,20
DA:541,16
DA:542,16
DA:544,16
DA:545,1
DA:555,16
DA:567,4
DA:568,2
DA:569,2
DA:580,20
DA:581,0
DA:591,20
DA:592,0
DA:601,20
DA:602,20
DA:603,16
DA:604,16
DA:605,2
DA:606,2
DA:610,2
DA:611,0
DA:620,20
DA:637,2
DA:638,2
DA:643,16
DA:644,16
DA:645,14
DA:648,2
DA:649,2
DA:652,0
DA:653,0
DA:656,0
DA:660,16
DA:661,16
DA:662,14
DA:665,2
DA:667,2
DA:668,0
DA:672,0
DA:675,2
DA:676,2
DA:684,1
DA:685,1
DA:692,0
DA:699,1
DA:709,1
DA:716,1
DA:717,0
DA:726,1
DA:744,12
DA:745,12
DA:748,12
DA:754,12
DA:759,12
DA:767,12
DA:769,11
DA:770,0
DA:773,10
DA:775,10
DA:776,0
DA:780,10
DA:781,10
DA:785,2
DA:786,0
DA:788,2
DA:799,12
DA:801,12
DA:802,1
DA:806,11
DA:807,11
DA:808,11
DA:809,11
DA:810,1
DA:813,10
DA:817,10
DA:818,0
DA:819,0
DA:822,10
DA:823,10
DA:826,10
DA:827,50
DA:828,50
DA:830,50
DA:832,10
DA:833,10
DA:835,10
DA:836,10
DA:838,10
DA:839,10
DA:841,0
DA:842,0
DA:844,10
DA:845,10
DA:847,10
DA:848,10
DA:850,0
DA:851,0
DA:853,0
DA:854,0
DA:856,0
DA:857,0
DA:861,10
DA:864,0
DA:865,0
DA:876,44
DA:877,44
DA:878,44
DA:907,2
DA:911,27
DA:919,27
DA:920,126
DA:921,1
DA:923,125
DA:924,3
DA:925,3
DA:926,1
DA:928,2
DA:929,2
DA:930,1
DA:935,24
DA:939,20
DA:940,5
DA:942,15
DA:943,1
DA:945,14
DA:946,12
DA:948,2
DA:961,4
DA:962,1
DA:965,3
DA:966,3
DA:968,2
DA:969,1
DA:977,2
DA:979,1
DA:980,1
DA:990,1
DA:994,4
DA:1004,0
DA:1015,2
DA:1016,2
DA:1025,1
DA:1035,2
DA:1036,1
DA:1037,1
DA:1039,1
DA:1044,3
LF:356
LH:294
BRDA:11,0,0,76
BRDA:11,0,1,46
BRDA:15,1,0,429
BRDA:15,1,1,27
BRDA:20,2,0,63
BRDA:20,2,1,13
BRDA:33,3,0,4
BRDA:41,4,0,6
BRDA:41,4,1,49
BRDA:45,5,0,55
BRDA:45,5,1,55
BRDA:46,6,0,55
BRDA:46,6,1,55
BRDA:47,7,0,55
BRDA:47,7,1,53
BRDA:48,8,0,55
BRDA:48,8,1,55
BRDA:48,8,2,55
BRDA:49,9,0,55
BRDA:49,9,1,55
BRDA:51,10,0,55
BRDA:51,10,1,55
BRDA:51,10,2,55
BRDA:55,11,0,55
BRDA:55,11,1,55
BRDA:55,11,2,55
BRDA:61,12,0,55
BRDA:61,12,1,24
BRDA:61,12,2,24
BRDA:65,13,0,55
BRDA:65,13,1,55
BRDA:65,13,2,55
BRDA:71,14,0,0
BRDA:71,14,1,55
BRDA:71,15,0,55
BRDA:71,15,1,55
BRDA:75,16,0,0
BRDA:75,16,1,55
BRDA:75,17,0,55
BRDA:75,17,1,55
BRDA:86,18,0,0
BRDA:86,18,1,0
BRDA:120,19,0,55
BRDA:120,19,1,55
BRDA:121,20,0,55
BRDA:121,20,1,55
BRDA:131,21,0,4
BRDA:131,21,1,51
BRDA:133,22,0,1
BRDA:133,22,1,50
BRDA:133,23,0,51
BRDA:133,23,1,50
BRDA:139,24,0,1
BRDA:139,24,1,1
BRDA:139,24,2,1
BRDA:140,25,0,1
BRDA:140,25,1,1
BRDA:140,25,2,1
BRDA:141,26,0,1
BRDA:141,26,1,1
BRDA:141,26,2,1
BRDA:142,27,0,1
BRDA:142,27,1,1
BRDA:142,27,2,1
BRDA:159,28,0,24
BRDA:174,29,0,0
BRDA:174,29,1,25
BRDA:181,30,0,3
BRDA:181,30,1,22
BRDA:181,31,0,25
BRDA:181,31,1,24
BRDA:209,32,0,5
BRDA:209,32,1,17
BRDA:210,33,0,5
BRDA:210,33,1,5
BRDA:210,33,2,5
BRDA:214,34,0,5
BRDA:214,34,1,5
BRDA:215,35,0,5
BRDA:215,35,1,5
BRDA:222,36,0,4
BRDA:222,36,1,1
BRDA:235,37,0,22
BRDA:235,37,1,22
BRDA:235,37,2,22
BRDA:244,38,0,2
BRDA:244,38,1,20
BRDA:244,39,0,22
BRDA:244,39,1,2
BRDA:254,40,0,0
BRDA:254,40,1,0
BRDA:264,41,0,2
BRDA:264,41,1,38
BRDA:281,42,0,21
BRDA:289,43,0,37
BRDA:289,43,1,3
BRDA:292,44,0,24
BRDA:292,44,1,13
BRDA:294,45,0,1
BRDA:294,45,1,23
BRDA:300,46,0,1
BRDA:300,46,1,23
BRDA:303,47,0,2
BRDA:303,47,1,11
BRDA:305,48,0,1
BRDA:305,48,1,10
BRDA:309,49,0,13
BRDA:309,49,1,24
BRDA:313,50,0,9
BRDA:313,50,1,28
BRDA:315,51,0,0
BRDA:315,51,1,28
BRDA:319,52,0,6
BRDA:319,52,1,31
BRDA:319,53,0,37
BRDA:319,53,1,28
BRDA:325,54,0,3
BRDA:325,54,1,0
BRDA:327,55,0,3
BRDA:327,55,1,0
BRDA:333,56,0,20
BRDA:333,56,1,2
BRDA:344,57,0,2
BRDA:344,57,1,20
BRDA:354,58,0,0
BRDA:354,58,1,22
BRDA:355,59,0,0
BRDA:355,59,1,0
BRDA:361,60,0,0
BRDA:361,60,1,0
BRDA:368,61,0,0
BRDA:368,61,1,0
BRDA:368,62,0,0
BRDA:368,62,1,0
BRDA:374,63,0,0
BRDA:374,63,1,22
BRDA:377,64,0,0
BRDA:377,64,1,0
BRDA:377,65,0,0
BRDA:377,65,1,0
BRDA:396,66,0,0
BRDA:396,66,1,22
BRDA:396,67,0,22
BRDA:396,67,1,0
BRDA:401,68,0,0
BRDA:401,68,1,0
BRDA:401,69,0,0
BRDA:401,69,1,0
BRDA:404,70,0,0
BRDA:404,70,1,0
BRDA:404,71,0,0
BRDA:404,71,1,0
BRDA:417,72,0,0
BRDA:417,72,1,0
BRDA:422,73,0,0
BRDA:422,73,1,0
BRDA:426,74,0,0
BRDA:426,74,1,0
BRDA:443,75,0,1
BRDA:443,75,1,0
BRDA:463,76,0,12
BRDA:465,77,0,14
BRDA:465,77,1,12
BRDA:474,78,0,2
BRDA:474,78,1,24
BRDA:476,79,0,1
BRDA:476,79,1,23
BRDA:479,80,0,1
BRDA:479,80,1,0
BRDA:480,81,0,1
BRDA:480,81,1,0
BRDA:488,82,0,20
BRDA:488,82,1,1
BRDA:493,83,0,1
BRDA:493,83,1,23
BRDA:501,84,0,0
BRDA:501,84,1,23
BRDA:502,85,0,0
BRDA:502,85,1,0
BRDA:506,86,0,23
BRDA:506,86,1,21
BRDA:507,87,0,0
BRDA:507,87,1,23
BRDA:513,88,0,3
BRDA:513,88,1,20
BRDA:523,89,0,4
BRDA:523,89,1,16
BRDA:535,90,0,20
BRDA:535,90,1,0
BRDA:540,91,0,16
BRDA:540,91,1,4
BRDA:544,92,0,1
BRDA:544,92,1,15
BRDA:567,93,0,2
BRDA:567,93,1,2
BRDA:580,94,0,0
BRDA:580,94,1,20
BRDA:580,95,0,20
BRDA:580,95,1,13
BRDA:591,96,0,0
BRDA:591,96,1,20
BRDA:597,97,0,0
BRDA:597,97,1,0
BRDA:602,98,0,16
BRDA:602,98,1,4
BRDA:604,99,0,2
BRDA:604,99,1,14
BRDA:604,100,0,16
BRDA:604,100,1,2
BRDA:606,101,0,1
BRDA:606,101,1,1
BRDA:610,102,0,0
BRDA:610,102,1,2
BRDA:614,103,0,0
BRDA:614,103,1,0
BRDA:624,104,0,14
BRDA:624,104,1,6
BRDA:627,105,0,20
BRDA:627,105,1,0
BRDA:643,106,0,16
BRDA:643,106,1,16
BRDA:644,107,0,14
BRDA:644,107,1,2
BRDA:648,108,0,2
BRDA:648,108,1,0
BRDA:649,109,0,2
BRDA:649,109,1,0
BRDA:652,110,0,0
BRDA:652,110,1,0
BRDA:653,111,0,0
BRDA:653,111,1,0
BRDA:653,111,2,0
BRDA:653,111,3,0
BRDA:659,112,0,0
BRDA:661,113,0,14
BRDA:661,113,1,2
BRDA:665,114,0,2
BRDA:665,114,1,0
BRDA:667,115,0,0
BRDA:667,115,1,2
BRDA:684,116,0,1
BRDA:684,116,1,0
BRDA:688,117,0,1
BRDA:688,117,1,0
BRDA:702,118,0,1
BRDA:702,118,1,0
BRDA:703,119,0,1
BRDA:703,119,1,1
BRDA:704,120,0,1
BRDA:704,120,1,1
BRDA:712,121,0,1
BRDA:712,121,1,0
BRDA:716,122,0,0
BRDA:716,122,1,1
BRDA:722,123,0,0
BRDA:722,123,1,0
BRDA:731,124,0,1
BRDA:731,124,1,0
BRDA:761,125,0,12
BRDA:761,125,1,12
BRDA:769,126,0,0
BRDA:769,126,1,10
BRDA:769,127,0,11
BRDA:769,127,1,10
BRDA:775,128,0,0
BRDA:775,128,1,10
BRDA:785,129,0,0
BRDA:785,129,1,2
BRDA:785,130,0,2
BRDA:785,130,1,2
BRDA:801,131,0,1
BRDA:801,131,1,11
BRDA:807,132,0,11
BRDA:807,132,1,0
BRDA:809,133,0,1
BRDA:809,133,1,10
BRDA:817,134,0,0
BRDA:817,134,1,10
BRDA:830,135,0,10
BRDA:830,135,1,10
BRDA:830,135,2,10
BRDA:830,135,3,0
BRDA:830,135,4,10
BRDA:830,135,5,10
BRDA:830,135,6,0
BRDA:830,135,7,0
BRDA:830,135,8,0
BRDA:876,136,0,44
BRDA:876,136,1,22
BRDA:877,137,0,4
BRDA:877,137,1,40
BRDA:888,138,0,44
BRDA:888,138,1,4
BRDA:907,139,0,1
BRDA:907,139,1,1
BRDA:910,140,0,0
BRDA:920,141,0,1
BRDA:920,141,1,125
BRDA:920,142,0,126
BRDA:920,142,1,2
BRDA:923,143,0,3
BRDA:923,143,1,122
BRDA:923,144,0,125
BRDA:923,144,1,3
BRDA:925,145,0,1
BRDA:925,145,1,2
BRDA:929,146,0,1
BRDA:929,146,1,1
BRDA:935,147,0,24
BRDA:935,147,1,1
BRDA:939,148,0,5
BRDA:939,148,1,15
BRDA:939,149,0,20
BRDA:939,149,1,20
BRDA:942,150,0,1
BRDA:942,150,1,14
BRDA:945,151,0,12
BRDA:945,151,1,2
BRDA:961,152,0,1
BRDA:961,152,1,3
BRDA:968,153,0,1
BRDA:968,153,1,1
BRDA:968,154,0,2
BRDA:968,154,1,1
BRDA:1015,155,0,1
BRDA:1015,155,1,1
BRDA:1035,156,0,1
BRDA:1035,156,1,1
BRF:328
BRH:243
end_of_record
TN:
SF:src/queue.js
FN:18,normalizePriority
FN:35,getMicrosecondTimestamp
FN:39,defaultTaskComparator
FN:55,buildTaskItem
FN:84,(anonymous_4)
FN:110,(anonymous_5)
FN:132,(anonymous_6)
FN:138,(anonymous_7)
FN:145,(anonymous_8)
FN:149,(anonymous_9)
FN:161,(anonymous_10)
FN:168,(anonymous_11)
FN:177,(anonymous_12)
FN:187,(anonymous_13)
FN:196,(anonymous_14)
FN:197,(anonymous_15)
FN:370,(anonymous_16)
FN:385,(anonymous_17)
FN:386,(anonymous_18)
FN:395,(anonymous_19)
FN:404,(anonymous_20)
FN:405,(anonymous_21)
FN:546,(anonymous_22)
FN:553,(anonymous_23)
FN:561,(anonymous_24)
FN:565,(anonymous_25)
FN:570,(anonymous_26)
FN:588,(anonymous_27)
FN:593,(anonymous_28)
FN:598,(anonymous_29)
FN:599,(anonymous_30)
FN:607,(anonymous_31)
FN:631,(anonymous_32)
FN:643,(anonymous_33)
FN:656,(anonymous_34)
FNF:35
FNH:31
FNDA:10,normalizePriority
FNDA:59,getMicrosecondTimestamp
FNDA:5,defaultTaskComparator
FNDA:52,buildTaskItem
FNDA:60,(anonymous_4)
FNDA:0,(anonymous_5)
FNDA:1,(anonymous_6)
FNDA:1,(anonymous_7)
FNDA:2,(anonymous_8)
FNDA:59,(anonymous_9)
FNDA:48,(anonymous_10)
FNDA:56,(anonymous_11)
FNDA:29,(anonymous_12)
FNDA:52,(anonymous_13)
FNDA:49,(anonymous_14)
FNDA:47,(anonymous_15)
FNDA:7,(anonymous_16)
FNDA:7,(anonymous_17)
FNDA:7,(anonymous_18)
FNDA:7,(anonymous_19)
FNDA:7,(anonymous_20)
FNDA:7,(anonymous_21)
FNDA:7,(anonymous_22)
FNDA:74,(anonymous_23)
FNDA:57,(anonymous_24)
FNDA:59,(anonymous_25)
FNDA:59,(anonymous_26)
FNDA:59,(anonymous_27)
FNDA:0,(anonymous_28)
FNDA:59,(anonymous_29)
FNDA:0,(anonymous_30)
FNDA:59,(anonymous_31)
FNDA:0,(anonymous_32)
FNDA:2,(anonymous_33)
FNDA:1,(anonymous_34)
DA:1,2
DA:2,2
DA:3,2
DA:4,2
DA:5,2
DA:8,2
DA:9,2
DA:10,2
DA:11,2
DA:19,10
DA:20,10
DA:21,10
DA:22,10
DA:24,0
DA:25,0
DA:28,0
DA:29,0
DA:32,0
DA:36,59
DA:40,5
DA:41,1
DA:44,4
DA:45,0
DA:48,4
DA:49,4
DA:52,0
DA:56,52
DA:57,3
DA:70,49
DA:85,60
DA:88,60
DA:89,60
DA:91,60
DA:92,60
DA:94,60
DA:95,60
DA:97,60
DA:102,60
DA:103,60
DA:105,60
DA:111,0
DA:112,0
DA:118,60
DA:120,60
DA:121,60
DA:122,60
DA:123,60
DA:125,60
DA:126,60
DA:127,60
DA:128,60
DA:129,60
DA:133,1
DA:134,1
DA:139,1
DA:140,0
DA:143,1
DA:144,1
DA:145,2
DA:146,1
DA:150,59
DA:151,1
DA:154,58
DA:155,58
DA:158,0
DA:162,48
DA:163,9
DA:164,9
DA:169,56
DA:178,29
DA:179,1
DA:182,1
DA:185,28
DA:187,52
DA:189,28
DA:191,28
DA:192,4
DA:195,28
DA:196,28
DA:197,49
DA:198,47
DA:199,4
DA:202,43
DA:203,43
DA:204,43
DA:205,43
DA:207,43
DA:208,2
DA:209,2
DA:211,2
DA:212,1
DA:213,0
DA:215,1
DA:220,1
DA:224,42
DA:225,42
DA:227,42
DA:228,42
DA:230,42
DA:233,42
DA:234,0
DA:237,42
DA:238,42
DA:239,42
DA:240,42
DA:241,42
DA:242,0
DA:243,0
DA:244,0
DA:248,42
DA:250,36
DA:252,36
DA:253,36
DA:255,36
DA:257,32
DA:258,0
DA:261,0
DA:262,0
DA:263,0
DA:264,0
DA:265,0
DA:274,0
DA:277,32
DA:280,32
DA:281,1
DA:286,32
DA:288,10
DA:289,10
DA:291,10
DA:294,10
DA:296,10
DA:297,10
DA:298,10
DA:306,10
DA:307,5
DA:308,5
DA:309,0
DA:310,0
DA:312,5
DA:316,5
DA:317,0
DA:320,5
DA:321,0
DA:327,5
DA:329,42
DA:330,42
DA:331,42
DA:333,0
DA:336,42
DA:341,28
DA:343,28
DA:344,28
DA:346,5
DA:350,28
DA:351,28
DA:352,1
DA:355,28
DA:362,28
DA:363,28
DA:364,28
DA:365,28
DA:366,28
DA:371,7
DA:372,0
DA:375,0
DA:378,7
DA:379,1
DA:382,6
DA:384,6
DA:385,7
DA:386,7
DA:395,7
DA:397,6
DA:399,6
DA:400,0
DA:403,6
DA:404,6
DA:405,7
DA:406,7
DA:407,0
DA:410,7
DA:411,7
DA:412,7
DA:413,7
DA:415,7
DA:416,7
DA:418,7
DA:419,0
DA:420,0
DA:422,0
DA:423,0
DA:424,0
DA:426,0
DA:430,0
DA:434,7
DA:435,7
DA:437,7
DA:439,7
DA:442,7
DA:443,0
DA:446,7
DA:447,7
DA:448,7
DA:449,7
DA:450,7
DA:451,0
DA:452,0
DA:453,0
DA:457,7
DA:459,5
DA:461,5
DA:462,5
DA:464,5
DA:466,5
DA:467,0
DA:468,0
DA:469,0
DA:471,0
DA:472,0
DA:473,0
DA:474,0
DA:475,0
DA:483,0
DA:485,5
DA:488,5
DA:490,2
DA:491,2
DA:493,2
DA:494,2
DA:495,2
DA:497,2
DA:499,2
DA:500,0
DA:501,0
DA:502,0
DA:505,2
DA:506,1
DA:509,2
DA:511,7
DA:512,7
DA:513,7
DA:515,0
DA:518,7
DA:519,7
DA:524,6
DA:526,6
DA:527,6
DA:529,0
DA:533,6
DA:534,6
DA:535,0
DA:538,6
DA:545,6
DA:546,7
DA:548,6
DA:549,6
DA:554,74
DA:555,33
DA:556,33
DA:558,41
DA:562,57
DA:566,59
DA:570,59
DA:572,59
DA:573,59
DA:575,59
DA:581,59
DA:582,59
DA:583,59
DA:585,59
DA:587,59
DA:589,59
DA:590,3
DA:592,59
DA:593,0
DA:594,0
DA:596,59
DA:599,59
DA:600,0
DA:604,0
DA:607,59
DA:611,59
DA:612,59
DA:621,59
DA:622,59
DA:624,0
DA:627,59
DA:628,59
DA:632,0
DA:644,2
DA:645,2
DA:647,2
DA:649,2
DA:650,2
DA:653,2
DA:657,1
DA:663,2
LF:297
LH:233
BRDA:19,0,0,10
BRDA:19,0,1,0
BRDA:21,1,0,10
BRDA:21,1,1,0
BRDA:25,2,0,0
BRDA:25,2,1,0
BRDA:28,3,0,0
BRDA:28,3,1,0
BRDA:28,4,0,0
BRDA:28,4,1,0
BRDA:40,5,0,1
BRDA:40,5,1,4
BRDA:44,6,0,0
BRDA:44,6,1,4
BRDA:48,7,0,4
BRDA:48,7,1,0
BRDA:49,8,0,0
BRDA:49,8,1,4
BRDA:56,9,0,3
BRDA:56,9,1,49
BRDA:56,10,0,52
BRDA:56,10,1,3
BRDA:59,11,0,3
BRDA:59,11,1,3
BRDA:61,12,0,0
BRDA:61,12,1,3
BRDA:63,13,0,3
BRDA:63,13,1,3
BRDA:64,14,0,3
BRDA:64,14,1,3
BRDA:84,15,0,7
BRDA:84,16,0,60
BRDA:88,17,0,60
BRDA:88,17,1,60
BRDA:89,18,0,51
BRDA:89,18,1,9
BRDA:91,19,0,60
BRDA:91,19,1,60
BRDA:94,20,0,60
BRDA:94,20,1,58
BRDA:95,21,0,51
BRDA:95,21,1,9
BRDA:95,22,0,9
BRDA:95,22,1,9
BRDA:98,23,0,60
BRDA:98,23,1,2
BRDA:98,23,2,1
BRDA:102,24,0,60
BRDA:102,24,1,60
BRDA:102,24,2,60
BRDA:111,25,0,0
BRDA:111,25,1,0
BRDA:115,26,0,60
BRDA:115,26,1,60
BRDA:133,27,0,1
BRDA:133,27,1,0
BRDA:133,28,0,1
BRDA:133,28,1,1
BRDA:138,29,0,0
BRDA:138,30,0,0
BRDA:138,30,1,0
BRDA:139,31,0,0
BRDA:139,31,1,1
BRDA:139,32,0,1
BRDA:139,32,1,1
BRDA:150,33,0,1
BRDA:150,33,1,58
BRDA:150,34,0,59
BRDA:150,34,1,59
BRDA:154,35,0,58
BRDA:154,35,1,0
BRDA:154,36,0,58
BRDA:154,36,1,58
BRDA:162,37,0,9
BRDA:162,37,1,39
BRDA:177,38,0,28
BRDA:178,39,0,1
BRDA:178,39,1,28
BRDA:180,40,0,1
BRDA:180,40,1,0
BRDA:185,41,0,28
BRDA:185,41,1,0
BRDA:187,42,0,52
BRDA:187,42,1,52
BRDA:191,43,0,4
BRDA:191,43,1,24
BRDA:198,44,0,4
BRDA:198,44,1,43
BRDA:203,45,0,43
BRDA:203,45,1,0
BRDA:207,46,0,2
BRDA:207,46,1,41
BRDA:211,47,0,1
BRDA:211,47,1,1
BRDA:212,48,0,0
BRDA:212,48,1,1
BRDA:228,49,0,1
BRDA:228,49,1,41
BRDA:230,50,0,42
BRDA:230,50,1,41
BRDA:233,51,0,0
BRDA:233,51,1,42
BRDA:238,52,0,42
BRDA:238,52,1,0
BRDA:239,53,0,42
BRDA:239,53,1,42
BRDA:241,54,0,0
BRDA:241,54,1,42
BRDA:252,55,0,36
BRDA:252,55,1,0
BRDA:252,56,0,36
BRDA:252,56,1,36
BRDA:257,57,0,0
BRDA:257,57,1,32
BRDA:262,58,0,0
BRDA:262,58,1,0
BRDA:262,59,0,0
BRDA:262,59,1,0
BRDA:263,60,0,0
BRDA:263,60,1,0
BRDA:263,61,0,0
BRDA:263,61,1,0
BRDA:264,62,0,0
BRDA:264,62,1,0
BRDA:280,63,0,1
BRDA:280,63,1,31
BRDA:291,64,0,10
BRDA:291,64,1,0
BRDA:291,65,0,10
BRDA:291,65,1,10
BRDA:294,66,0,10
BRDA:294,66,1,10
BRDA:297,67,0,10
BRDA:297,67,1,0
BRDA:297,68,0,10
BRDA:297,68,1,10
BRDA:306,69,0,5
BRDA:306,69,1,5
BRDA:308,70,0,0
BRDA:308,70,1,5
BRDA:308,71,0,5
BRDA:308,71,1,5
BRDA:308,71,2,5
BRDA:316,72,0,0
BRDA:316,72,1,5
BRDA:316,73,0,5
BRDA:316,73,1,5
BRDA:320,74,0,0
BRDA:320,74,1,5
BRDA:323,75,0,0
BRDA:323,75,1,0
BRDA:329,76,0,42
BRDA:329,76,1,0
BRDA:351,77,0,1
BRDA:351,77,1,27
BRDA:351,78,0,28
BRDA:351,78,1,4
BRDA:370,79,0,7
BRDA:371,80,0,0
BRDA:371,80,1,7
BRDA:373,81,0,0
BRDA:373,81,1,0
BRDA:378,82,0,1
BRDA:378,82,1,6
BRDA:378,83,0,7
BRDA:378,83,1,7
BRDA:385,84,0,7
BRDA:385,84,1,7
BRDA:388,85,0,7
BRDA:388,85,1,7
BRDA:389,86,0,7
BRDA:389,86,1,7
BRDA:390,87,0,7
BRDA:390,87,1,0
BRDA:399,88,0,0
BRDA:399,88,1,6
BRDA:406,89,0,0
BRDA:406,89,1,7
BRDA:411,90,0,7
BRDA:411,90,1,0
BRDA:418,91,0,0
BRDA:418,91,1,7
BRDA:422,92,0,0
BRDA:422,92,1,0
BRDA:423,93,0,0
BRDA:423,93,1,0
BRDA:439,94,0,7
BRDA:439,94,1,7
BRDA:442,95,0,0
BRDA:442,95,1,7
BRDA:447,96,0,7
BRDA:447,96,1,0
BRDA:448,97,0,7
BRDA:448,97,1,7
BRDA:450,98,0,0
BRDA:450,98,1,7
BRDA:461,99,0,5
BRDA:461,99,1,0
BRDA:461,100,0,5
BRDA:461,100,1,5
BRDA:466,101,0,0
BRDA:466,101,1,5
BRDA:472,102,0,0
BRDA:472,102,1,0
BRDA:472,103,0,0
BRDA:472,103,1,0
BRDA:473,104,0,0
BRDA:473,104,1,0
BRDA:473,105,0,0
BRDA:473,105,1,0
BRDA:474,106,0,0
BRDA:474,106,1,0
BRDA:494,107,0,2
BRDA:494,107,1,0
BRDA:494,108,0,2
BRDA:494,108,1,2
BRDA:499,109,0,0
BRDA:499,109,1,2
BRDA:505,110,0,1
BRDA:505,110,1,1
BRDA:505,111,0,2
BRDA:505,111,1,2
BRDA:511,112,0,7
BRDA:511,112,1,0
BRDA:534,113,0,0
BRDA:534,113,1,6
BRDA:534,114,0,6
BRDA:534,114,1,0
BRDA:554,115,0,33
BRDA:554,115,1,41
BRDA:561,116,0,57
BRDA:565,117,0,2
BRDA:567,118,0,59
BRDA:567,118,1,59
BRDA:567,118,2,59
BRDA:570,119,0,59
BRDA:570,119,1,59
BRDA:589,120,0,3
BRDA:589,120,1,56
BRDA:621,121,0,59
BRDA:621,121,1,0
BRDA:639,122,0,0
BRDA:639,122,1,0
BRDA:649,123,0,2
BRDA:649,123,1,0
BRDA:649,124,0,2
BRDA:649,124,1,2
BRDA:657,125,0,1
BRDA:657,125,1,0
BRDA:657,126,0,1
BRDA:657,126,1,1
BRF:251
BRH:167
end_of_record
TN:
SF:src/reconciliation.js
FN:12,parseInteger
FN:17,isFiniteNumber
FN:21,normalizeNumber
FN:26,safeString
FN:34,(anonymous_4)
FN:42,(anonymous_5)
FN:95,(anonymous_6)
FN:104,(anonymous_7)
FN:114,(anonymous_8)
FN:121,(anonymous_9)
FN:138,(anonymous_10)
FN:186,(anonymous_11)
FN:253,(anonymous_12)
FN:300,(anonymous_13)
FN:312,(anonymous_14)
FN:317,(anonymous_15)
FN:326,(anonymous_16)
FN:339,(anonymous_17)
FN:356,(anonymous_18)
FN:375,(anonymous_19)
FN:393,(anonymous_20)
FN:400,(anonymous_21)
FN:420,(anonymous_22)
FN:472,(anonymous_23)
FN:543,(anonymous_24)
FN:575,(anonymous_25)
FN:576,(anonymous_26)
FN:579,(anonymous_27)
FN:580,(anonymous_28)
FN:581,(anonymous_29)
FN:585,(anonymous_30)
FN:618,(anonymous_31)
FN:670,(anonymous_32)
FN:674,(anonymous_33)
FN:706,(anonymous_34)
FN:751,(anonymous_35)
FN:776,(anonymous_36)
FNF:37
FNH:32
FNDA:33,parseInteger
FNDA:20,isFiniteNumber
FNDA:14,normalizeNumber
FNDA:16,safeString
FNDA:5,(anonymous_4)
FNDA:0,(anonymous_5)
FNDA:29,(anonymous_6)
FNDA:1,(anonymous_7)
FNDA:1,(anonymous_8)
FNDA:5,(anonymous_9)
FNDA:4,(anonymous_10)
FNDA:4,(anonymous_11)
FNDA:1,(anonymous_12)
FNDA:9,(anonymous_13)
FNDA:9,(anonymous_14)
FNDA:0,(anonymous_15)
FNDA:3,(anonymous_16)
FNDA:21,(anonymous_17)
FNDA:4,(anonymous_18)
FNDA:4,(anonymous_19)
FNDA:15,(anonymous_20)
FNDA:3,(anonymous_21)
FNDA:3,(anonymous_22)
FNDA:3,(anonymous_23)
FNDA:1,(anonymous_24)
FNDA:24,(anonymous_25)
FNDA:23,(anonymous_26)
FNDA:9,(anonymous_27)
FNDA:7,(anonymous_28)
FNDA:2,(anonymous_29)
FNDA:3,(anonymous_30)
FNDA:3,(anonymous_31)
FNDA:0,(anonymous_32)
FNDA:3,(anonymous_33)
FNDA:0,(anonymous_34)
FNDA:0,(anonymous_35)
FNDA:15,(anonymous_36)
DA:1,1
DA:2,1
DA:4,1
DA:5,1
DA:6,1
DA:7,1
DA:8,1
DA:9,1
DA:10,1
DA:13,33
DA:14,33
DA:18,20
DA:22,14
DA:23,14
DA:27,16
DA:28,9
DA:30,7
DA:35,5
DA:37,5
DA:38,5
DA:39,5
DA:40,5
DA:42,5
DA:43,5
DA:45,5
DA:48,5
DA:51,5
DA:54,5
DA:57,5
DA:59,5
DA:61,5
DA:65,5
DA:66,5
DA:67,5
DA:68,5
DA:69,5
DA:70,5
DA:71,5
DA:72,5
DA:74,5
DA:91,5
DA:92,5
DA:96,29
DA:97,29
DA:98,29
DA:100,0
DA:105,1
DA:106,0
DA:109,1
DA:110,1
DA:111,0
DA:114,1
DA:115,1
DA:118,1
DA:122,5
DA:123,5
DA:124,0
DA:126,5
DA:127,5
DA:128,5
DA:129,5
DA:130,5
DA:131,5
DA:133,5
DA:134,5
DA:139,4
DA:140,4
DA:141,0
DA:143,4
DA:144,0
DA:146,4
DA:147,0
DA:150,4
DA:151,4
DA:152,4
DA:161,4
DA:162,4
DA:163,4
DA:164,4
DA:165,4
DA:166,4
DA:167,4
DA:170,4
DA:171,4
DA:182,4
DA:183,4
DA:187,4
DA:188,4
DA:189,4
DA:190,0
DA:193,4
DA:194,4
DA:195,4
DA:196,4
DA:198,4
DA:199,4
DA:201,4
DA:202,0
DA:204,4
DA:205,0
DA:207,4
DA:208,0
DA:211,4
DA:212,3
DA:215,4
DA:216,4
DA:217,4
DA:222,4
DA:223,4
DA:226,4
DA:227,4
DA:228,4
DA:229,0
DA:245,4
DA:246,4
DA:248,0
DA:249,0
DA:254,1
DA:256,1
DA:257,1
DA:258,0
DA:261,1
DA:262,1
DA:263,1
DA:265,1
DA:266,0
DA:267,0
DA:268,0
DA:269,0
DA:272,1
DA:273,1
DA:275,1
DA:276,1
DA:277,0
DA:286,0
DA:290,1
DA:291,1
DA:292,1
DA:293,1
DA:294,1
DA:301,9
DA:312,9
DA:317,0
DA:327,3
DA:328,0
DA:331,3
DA:332,3
DA:333,3
DA:335,3
DA:340,21
DA:341,5
DA:353,21
DA:357,4
DA:358,4
DA:359,0
DA:361,4
DA:376,4
DA:377,4
DA:379,0
DA:380,0
DA:382,0
DA:385,0
DA:387,0
DA:389,0
DA:394,15
DA:395,0
DA:397,15
DA:401,3
DA:402,3
DA:403,0
DA:417,0
DA:420,3
DA:421,3
DA:422,3
DA:423,3
DA:425,3
DA:426,2
DA:440,2
DA:443,1
DA:444,1
DA:445,1
DA:446,1
DA:447,1
DA:448,1
DA:451,1
DA:452,1
DA:463,1
DA:469,1
DA:473,3
DA:474,3
DA:482,3
DA:490,3
DA:491,3
DA:492,3
DA:493,3
DA:494,3
DA:496,3
DA:497,3
DA:498,0
DA:500,3
DA:501,3
DA:504,3
DA:505,3
DA:522,3
DA:538,3
DA:539,3
DA:540,3
DA:544,1
DA:545,1
DA:546,1
DA:547,1
DA:548,1
DA:549,1
DA:550,1
DA:551,1
DA:564,1
DA:566,0
DA:569,1
DA:571,1
DA:572,1
DA:576,24
DA:580,9
DA:581,7
DA:586,3
DA:587,3
DA:588,3
DA:589,0
DA:592,3
DA:593,0
DA:596,3
DA:602,3
DA:603,3
DA:607,3
DA:608,0
DA:610,3
DA:611,3
DA:612,3
DA:614,3
DA:615,3
DA:619,3
DA:620,0
DA:623,3
DA:624,3
DA:625,3
DA:626,3
DA:628,3
DA:629,3
DA:630,3
DA:632,0
DA:636,3
DA:638,3
DA:639,0
DA:642,3
DA:643,3
DA:644,3
DA:646,0
DA:651,0
DA:652,0
DA:653,0
DA:654,0
DA:656,0
DA:657,0
DA:658,0
DA:660,0
DA:671,0
DA:675,3
DA:681,3
DA:682,2
DA:683,2
DA:684,2
DA:686,2
DA:687,2
DA:688,2
DA:699,2
DA:702,1
DA:705,1
DA:706,0
DA:709,1
DA:710,1
DA:720,1
DA:721,0
DA:724,1
DA:725,1
DA:726,1
DA:728,1
DA:729,1
DA:730,1
DA:741,1
DA:743,0
DA:745,1
DA:746,1
DA:752,0
DA:759,0
DA:760,0
DA:761,0
DA:763,0
DA:764,0
DA:765,0
DA:767,0
DA:772,0
DA:773,0
DA:777,15
DA:778,0
DA:781,15
DA:782,15
DA:788,15
DA:789,15
DA:794,1
LF:308
LH:243
BRDA:14,0,0,0
BRDA:14,0,1,33
BRDA:21,1,0,0
BRDA:23,2,0,14
BRDA:23,2,1,0
BRDA:27,3,0,9
BRDA:27,3,1,7
BRDA:27,4,0,16
BRDA:27,4,1,16
BRDA:34,5,0,0
BRDA:37,6,0,5
BRDA:37,6,1,5
BRDA:38,7,0,5
BRDA:38,7,1,0
BRDA:39,8,0,5
BRDA:39,8,1,0
BRDA:42,9,0,5
BRDA:42,9,1,0
BRDA:44,10,0,5
BRDA:44,10,1,4
BRDA:44,10,2,4
BRDA:46,11,0,5
BRDA:46,11,1,4
BRDA:49,12,0,5
BRDA:49,12,1,5
BRDA:52,13,0,5
BRDA:52,13,1,5
BRDA:55,14,0,5
BRDA:55,14,1,4
BRDA:58,15,0,5
BRDA:58,15,1,5
BRDA:60,16,0,5
BRDA:60,16,1,5
BRDA:62,17,0,5
BRDA:62,17,1,5
BRDA:97,18,0,29
BRDA:97,18,1,0
BRDA:98,19,0,29
BRDA:98,19,1,0
BRDA:105,20,0,0
BRDA:105,20,1,1
BRDA:105,21,0,1
BRDA:105,21,1,0
BRDA:105,21,2,0
BRDA:109,22,0,1
BRDA:109,22,1,0
BRDA:110,23,0,0
BRDA:110,23,1,1
BRDA:110,24,0,1
BRDA:110,24,1,1
BRDA:121,25,0,0
BRDA:123,26,0,0
BRDA:123,26,1,5
BRDA:123,27,0,5
BRDA:123,27,1,5
BRDA:123,27,2,5
BRDA:128,28,0,5
BRDA:128,28,1,5
BRDA:130,29,0,5
BRDA:130,29,1,0
BRDA:138,30,0,0
BRDA:140,31,0,0
BRDA:140,31,1,4
BRDA:143,32,0,0
BRDA:143,32,1,4
BRDA:143,33,0,4
BRDA:143,33,1,0
BRDA:146,34,0,0
BRDA:146,34,1,4
BRDA:151,35,0,4
BRDA:151,35,1,4
BRDA:158,36,0,4
BRDA:158,36,1,4
BRDA:166,37,0,4
BRDA:166,37,1,0
BRDA:166,38,0,4
BRDA:166,38,1,4
BRDA:170,39,0,4
BRDA:170,39,1,0
BRDA:170,40,0,4
BRDA:170,40,1,4
BRDA:186,41,0,0
BRDA:189,42,0,0
BRDA:189,42,1,4
BRDA:195,43,0,4
BRDA:195,43,1,0
BRDA:195,44,0,4
BRDA:195,44,1,4
BRDA:201,45,0,0
BRDA:201,45,1,4
BRDA:201,46,0,4
BRDA:201,46,1,0
BRDA:204,47,0,0
BRDA:204,47,1,4
BRDA:204,48,0,4
BRDA:204,48,1,0
BRDA:207,49,0,0
BRDA:207,49,1,4
BRDA:207,50,0,4
BRDA:207,50,1,0
BRDA:211,51,0,3
BRDA:211,51,1,1
BRDA:216,52,0,4
BRDA:216,52,1,0
BRDA:217,53,0,4
BRDA:217,53,1,0
BRDA:222,54,0,4
BRDA:222,54,1,0
BRDA:228,55,0,0
BRDA:228,55,1,4
BRDA:253,56,0,0
BRDA:257,57,0,0
BRDA:257,57,1,1
BRDA:257,58,0,1
BRDA:257,58,1,1
BRDA:257,58,2,1
BRDA:263,59,0,1
BRDA:263,59,1,0
BRDA:265,60,0,0
BRDA:265,60,1,1
BRDA:276,61,0,0
BRDA:276,61,1,1
BRDA:327,62,0,0
BRDA:327,62,1,3
BRDA:340,63,0,5
BRDA:340,63,1,16
BRDA:358,64,0,0
BRDA:358,64,1,4
BRDA:358,65,0,4
BRDA:358,65,1,4
BRDA:365,66,0,4
BRDA:365,66,1,0
BRDA:366,67,0,4
BRDA:366,67,1,0
BRDA:367,68,0,4
BRDA:367,68,1,0
BRDA:368,69,0,4
BRDA:368,69,1,0
BRDA:369,70,0,4
BRDA:369,70,1,4
BRDA:371,71,0,4
BRDA:371,71,1,4
BRDA:376,72,0,4
BRDA:376,72,1,0
BRDA:379,73,0,0
BRDA:379,73,1,0
BRDA:382,74,0,0
BRDA:382,74,1,0
BRDA:382,74,2,0
BRDA:382,74,3,0
BRDA:394,75,0,0
BRDA:394,75,1,15
BRDA:394,76,0,15
BRDA:394,76,1,15
BRDA:401,77,0,3
BRDA:401,77,1,0
BRDA:402,78,0,0
BRDA:402,78,1,3
BRDA:406,79,0,0
BRDA:406,79,1,0
BRDA:407,80,0,0
BRDA:407,80,1,0
BRDA:408,81,0,0
BRDA:408,81,1,0
BRDA:421,82,0,1
BRDA:421,82,1,2
BRDA:425,83,0,2
BRDA:425,83,1,1
BRDA:429,84,0,2
BRDA:429,84,1,2
BRDA:430,85,0,2
BRDA:430,85,1,0
BRDA:431,86,0,2
BRDA:431,86,1,0
BRDA:447,87,0,1
BRDA:447,87,1,0
BRDA:447,88,0,1
BRDA:447,88,1,1
BRDA:451,89,0,1
BRDA:451,89,1,0
BRDA:451,90,0,1
BRDA:451,90,1,1
BRDA:473,91,0,3
BRDA:473,91,1,0
BRDA:476,92,0,3
BRDA:476,92,1,0
BRDA:477,93,0,3
BRDA:477,93,1,0
BRDA:500,94,0,3
BRDA:500,94,1,0
BRDA:500,95,0,3
BRDA:500,95,1,3
BRDA:504,96,0,3
BRDA:504,96,1,0
BRDA:504,97,0,3
BRDA:504,97,1,3
BRDA:550,98,0,1
BRDA:550,98,1,0
BRDA:550,99,0,1
BRDA:550,99,1,1
BRDA:588,100,0,0
BRDA:588,100,1,3
BRDA:588,101,0,3
BRDA:588,101,1,0
BRDA:592,102,0,0
BRDA:592,102,1,3
BRDA:611,103,0,3
BRDA:611,103,1,0
BRDA:611,104,0,3
BRDA:611,104,1,3
BRDA:619,105,0,0
BRDA:619,105,1,3
BRDA:629,106,0,3
BRDA:629,106,1,0
BRDA:629,107,0,3
BRDA:629,107,1,2
BRDA:638,108,0,0
BRDA:638,108,1,3
BRDA:652,109,0,0
BRDA:652,109,1,0
BRDA:657,110,0,0
BRDA:657,110,1,0
BRDA:657,111,0,0
BRDA:657,111,1,0
BRDA:662,112,0,0
BRDA:662,112,1,0
BRDA:681,113,0,2
BRDA:681,113,1,1
BRDA:683,114,0,2
BRDA:683,114,1,0
BRDA:683,115,0,2
BRDA:683,115,1,2
BRDA:687,116,0,2
BRDA:687,116,1,0
BRDA:687,117,0,2
BRDA:687,117,1,2
BRDA:702,118,0,1
BRDA:702,118,1,0
BRDA:705,119,0,1
BRDA:705,119,1,0
BRDA:717,120,0,1
BRDA:717,120,1,0
BRDA:720,121,0,0
BRDA:720,121,1,1
BRDA:725,122,0,1
BRDA:725,122,1,0
BRDA:725,123,0,1
BRDA:725,123,1,1
BRDA:729,124,0,1
BRDA:729,124,1,0
BRDA:729,125,0,1
BRDA:729,125,1,1
BRDA:745,126,0,1
BRDA:745,126,1,0
BRDA:751,127,0,0
BRDA:754,128,0,0
BRDA:754,128,1,0
BRDA:755,129,0,0
BRDA:755,129,1,0
BRDA:756,130,0,0
BRDA:756,130,1,0
BRDA:764,131,0,0
BRDA:764,131,1,0
BRDA:764,132,0,0
BRDA:764,132,1,0
BRDA:777,133,0,0
BRDA:777,133,1,15
BRDA:781,134,0,15
BRDA:781,134,1,0
BRDA:788,135,0,15
BRDA:788,135,1,0
BRDA:789,136,0,15
BRDA:789,136,1,15
BRF:273
BRH:161
end_of_record
TN:
SF:src/registry.js
FN:19,(anonymous_0)
FN:48,(anonymous_1)
FN:73,(anonymous_2)
FN:81,(anonymous_3)
FN:82,(anonymous_4)
FN:93,(anonymous_5)
FN:96,(anonymous_6)
FN:97,(anonymous_7)
FN:104,(anonymous_8)
FN:105,(anonymous_9)
FN:113,(anonymous_10)
FN:159,(anonymous_11)
FN:178,(anonymous_12)
FN:185,(anonymous_13)
FN:246,(anonymous_14)
FN:248,(anonymous_15)
FN:347,(anonymous_16)
FN:356,(anonymous_17)
FN:359,(anonymous_18)
FN:374,(anonymous_19)
FN:379,(anonymous_20)
FN:382,(anonymous_21)
FN:400,(anonymous_22)
FNF:23
FNH:22
FNDA:36,(anonymous_0)
FNDA:24,(anonymous_1)
FNDA:2,(anonymous_2)
FNDA:24,(anonymous_3)
FNDA:124,(anonymous_4)
FNDA:9,(anonymous_5)
FNDA:63,(anonymous_6)
FNDA:16,(anonymous_7)
FNDA:1,(anonymous_8)
FNDA:4,(anonymous_9)
FNDA:146,(anonymous_10)
FNDA:2,(anonymous_11)
FNDA:0,(anonymous_12)
FNDA:26,(anonymous_13)
FNDA:144,(anonymous_14)
FNDA:307,(anonymous_15)
FNDA:1,(anonymous_16)
FNDA:4,(anonymous_17)
FNDA:5,(anonymous_18)
FNDA:36,(anonymous_19)
FNDA:6,(anonymous_20)
FNDA:6,(anonymous_21)
FNDA:24,(anonymous_22)
DA:1,5
DA:2,5
DA:3,5
DA:4,5
DA:6,5
DA:20,36
DA:21,36
DA:22,36
DA:23,36
DA:24,36
DA:25,36
DA:26,36
DA:29,36
DA:37,36
DA:39,36
DA:41,36
DA:49,24
DA:52,24
DA:53,24
DA:54,24
DA:55,1
DA:60,1
DA:61,1
DA:62,1
DA:65,24
DA:66,24
DA:74,2
DA:82,124
DA:94,9
DA:95,7
DA:96,63
DA:97,16
DA:105,4
DA:114,146
DA:115,146
DA:116,146
DA:117,146
DA:118,4
DA:121,146
DA:129,146
DA:130,8
DA:133,8
DA:135,8
DA:138,8
DA:139,6
DA:160,2
DA:161,2
DA:162,2
DA:163,2
DA:165,2
DA:166,2
DA:167,5
DA:168,1
DA:173,2
DA:178,0
DA:186,26
DA:187,26
DA:188,26
DA:190,26
DA:192,5
DA:195,26
DA:197,26
DA:199,26
DA:200,27
DA:210,27
DA:211,1
DA:212,1
DA:215,27
DA:217,25
DA:218,8
DA:219,8
DA:222,17
DA:223,131
DA:224,131
DA:226,0
DA:228,131
DA:229,130
DA:233,17
DA:234,16
DA:236,1
DA:240,24
DA:242,2
DA:247,144
DA:248,307
DA:249,144
DA:252,144
DA:253,19
DA:255,125
DA:258,144
DA:260,144
DA:261,144
DA:262,144
DA:264,144
DA:266,127
DA:267,3
DA:268,3
DA:270,127
DA:271,127
DA:278,127
DA:281,2
DA:282,2
DA:285,2
DA:286,2
DA:289,3
DA:290,3
DA:302,3
DA:306,3
DA:307,3
DA:315,3
DA:319,2
DA:320,2
DA:328,2
DA:332,2
DA:333,2
DA:334,2
DA:337,2
DA:338,2
DA:339,2
DA:340,1
DA:342,2
DA:346,1
DA:347,1
DA:348,1
DA:357,4
DA:358,4
DA:359,5
DA:361,2
DA:362,1
DA:363,1
DA:365,1
DA:367,2
DA:375,36
DA:376,36
DA:378,5
DA:379,6
DA:381,5
DA:382,5
DA:383,6
DA:386,5
DA:387,5
DA:389,5
DA:390,5
DA:401,24
DA:402,24
DA:408,22
DA:413,5
LF:146
LH:144
BRDA:19,0,0,10
BRDA:25,1,0,36
BRDA:25,1,1,20
BRDA:26,2,0,36
BRDA:26,2,1,25
BRDA:29,3,0,36
BRDA:29,3,1,31
BRDA:30,4,0,31
BRDA:30,4,1,31
BRDA:31,5,0,31
BRDA:31,5,1,29
BRDA:53,6,0,24
BRDA:53,6,1,3
BRDA:54,7,0,1
BRDA:54,7,1,23
BRDA:54,8,0,24
BRDA:54,8,1,20
BRDA:94,9,0,2
BRDA:94,9,1,7
BRDA:113,10,0,138
BRDA:114,11,0,146
BRDA:114,11,1,128
BRDA:117,12,0,4
BRDA:117,12,1,142
BRDA:129,13,0,8
BRDA:129,13,1,138
BRDA:129,14,0,146
BRDA:129,14,1,146
BRDA:130,15,0,8
BRDA:130,15,1,0
BRDA:132,16,0,0
BRDA:132,16,1,0
BRDA:135,17,0,8
BRDA:135,17,1,8
BRDA:138,18,0,6
BRDA:138,18,1,2
BRDA:138,19,0,8
BRDA:138,19,1,6
BRDA:143,20,0,6
BRDA:143,20,1,0
BRDA:146,21,0,6
BRDA:146,21,1,0
BRDA:147,22,0,6
BRDA:147,22,1,0
BRDA:148,23,0,6
BRDA:148,23,1,6
BRDA:149,24,0,6
BRDA:149,24,1,6
BRDA:161,25,0,2
BRDA:161,25,1,0
BRDA:162,26,0,2
BRDA:162,26,1,0
BRDA:165,27,0,2
BRDA:165,27,1,0
BRDA:165,28,0,2
BRDA:165,28,1,2
BRDA:167,29,0,1
BRDA:167,29,1,4
BRDA:179,30,0,2
BRDA:179,30,1,1
BRDA:190,31,0,5
BRDA:190,31,1,21
BRDA:201,32,0,1
BRDA:201,32,1,26
BRDA:210,33,0,1
BRDA:210,33,1,26
BRDA:217,34,0,8
BRDA:217,34,1,17
BRDA:217,35,0,25
BRDA:217,35,1,25
BRDA:217,35,2,25
BRDA:228,36,0,130
BRDA:228,36,1,1
BRDA:228,37,0,131
BRDA:228,37,1,131
BRDA:233,38,0,16
BRDA:233,38,1,1
BRDA:236,39,0,1
BRDA:236,39,1,1
BRDA:252,40,0,19
BRDA:252,40,1,125
BRDA:258,41,0,0
BRDA:258,41,1,144
BRDA:260,42,0,8
BRDA:260,42,1,136
BRDA:262,43,0,144
BRDA:262,43,1,124
BRDA:264,44,0,127
BRDA:264,44,1,2
BRDA:264,44,2,2
BRDA:264,44,3,3
BRDA:264,44,4,3
BRDA:264,44,5,2
BRDA:264,44,6,2
BRDA:264,44,7,2
BRDA:264,44,8,1
BRDA:266,45,0,3
BRDA:266,45,1,124
BRDA:289,46,0,2
BRDA:289,46,1,1
BRDA:292,47,0,3
BRDA:292,47,1,0
BRDA:298,48,0,3
BRDA:298,48,1,0
BRDA:306,49,0,2
BRDA:306,49,1,1
BRDA:307,50,0,3
BRDA:307,50,1,1
BRDA:311,51,0,3
BRDA:311,51,1,1
BRDA:319,52,0,1
BRDA:319,52,1,1
BRDA:320,53,0,2
BRDA:320,53,1,1
BRDA:324,54,0,2
BRDA:324,54,1,1
BRDA:338,55,0,2
BRDA:338,55,1,1
BRDA:339,56,0,1
BRDA:339,56,1,1
BRDA:347,57,0,1
BRDA:347,57,1,0
BRDA:358,58,0,2
BRDA:358,58,1,2
BRDA:358,59,0,4
BRDA:358,59,1,3
BRDA:361,60,0,1
BRDA:361,60,1,1
BRDA:362,61,0,0
BRDA:362,61,1,1
BRDA:367,62,0,2
BRDA:367,62,1,0
BRDA:376,63,0,31
BRDA:376,63,1,5
BRDA:378,64,0,5
BRDA:378,64,1,0
BRDA:381,65,0,5
BRDA:381,65,1,0
BRDA:386,66,0,5
BRDA:386,66,1,0
BRDA:386,67,0,5
BRDA:386,67,1,5
BRDA:389,68,0,5
BRDA:389,68,1,3
BRF:144
BRH:126
end_of_record
TN:
SF:src/retry.js
FN:67,extractErrorCode
FN:105,classifyError
FN:117,(anonymous_2)
FN:129,(anonymous_3)
FN:139,(anonymous_4)
FN:167,calculateDelay
FN:179,sleep
FN:180,(anonymous_7)
FN:200,withRetry
FN:311,retry
FN:316,(anonymous_10)
FN:323,isRetryableError
FN:331,isDuplicateTransactionError
FNF:13
FNH:13
FNDA:123,extractErrorCode
FNDA:76,classifyError
FNDA:214,(anonymous_2)
FNDA:841,(anonymous_3)
FNDA:145,(anonymous_4)
FNDA:45,calculateDelay
FNDA:29,sleep
FNDA:29,(anonymous_7)
FNDA:25,withRetry
FNDA:2,retry
FNDA:2,(anonymous_10)
FNDA:7,isRetryableError
FNDA:4,isDuplicateTransactionError
DA:1,10
DA:6,10
DA:16,10
DA:36,10
DA:56,10
DA:68,123
DA:70,122
DA:71,30
DA:74,92
DA:75,2
DA:78,90
DA:79,2
DA:82,88
DA:83,2
DA:86,2
DA:92,2
DA:93,8
DA:97,87
DA:106,76
DA:108,75
DA:110,75
DA:111,75
DA:115,75
DA:118,214
DA:124,6
DA:127,69
DA:130,841
DA:134,11
DA:137,58
DA:140,145
DA:144,53
DA:147,5
DA:154,3
DA:157,2
DA:168,45
DA:169,45
DA:170,45
DA:171,45
DA:180,29
DA:183,10
DA:201,25
DA:203,25
DA:205,25
DA:206,54
DA:207,54
DA:208,12
DA:215,42
DA:216,42
DA:217,42
DA:224,42
DA:225,3
DA:226,1
DA:228,3
DA:238,39
DA:239,5
DA:250,34
DA:254,1
DA:265,33
DA:266,4
DA:267,1
DA:269,4
DA:280,29
DA:281,29
DA:282,11
DA:284,29
DA:285,29
DA:289,0
DA:312,2
DA:316,2
DA:324,7
DA:332,4
DA:335,10
LF:72
LH:71
BRDA:68,0,0,1
BRDA:68,0,1,122
BRDA:70,1,0,30
BRDA:70,1,1,92
BRDA:70,2,0,122
BRDA:70,2,1,30
BRDA:74,3,0,2
BRDA:74,3,1,90
BRDA:74,4,0,92
BRDA:74,4,1,2
BRDA:78,5,0,2
BRDA:78,5,1,88
BRDA:78,6,0,90
BRDA:78,6,1,2
BRDA:82,7,0,2
BRDA:82,7,1,86
BRDA:83,8,0,2
BRDA:83,8,1,0
BRDA:93,9,0,1
BRDA:93,9,1,7
BRDA:106,10,0,1
BRDA:106,10,1,75
BRDA:110,11,0,27
BRDA:110,11,1,48
BRDA:112,12,0,75
BRDA:112,12,1,3
BRDA:112,12,2,3
BRDA:112,12,3,3
BRDA:115,13,0,6
BRDA:115,13,1,69
BRDA:118,14,0,214
BRDA:118,14,1,213
BRDA:118,14,2,209
BRDA:118,14,3,209
BRDA:127,15,0,11
BRDA:127,15,1,58
BRDA:130,16,0,841
BRDA:130,16,1,837
BRDA:137,17,0,53
BRDA:137,17,1,5
BRDA:140,18,0,145
BRDA:140,18,1,124
BRDA:147,19,0,3
BRDA:147,19,1,2
BRDA:148,20,0,5
BRDA:148,20,1,5
BRDA:148,20,2,4
BRDA:148,20,3,4
BRDA:148,20,4,3
BRDA:184,21,0,10
BRDA:184,21,1,9
BRDA:185,22,0,10
BRDA:185,22,1,10
BRDA:186,23,0,10
BRDA:186,23,1,10
BRDA:200,24,0,0
BRDA:221,25,0,42
BRDA:221,25,1,0
BRDA:224,26,0,3
BRDA:224,26,1,39
BRDA:225,27,0,1
BRDA:225,27,1,2
BRDA:238,28,0,5
BRDA:238,28,1,34
BRDA:250,29,0,1
BRDA:250,29,1,33
BRDA:251,30,0,34
BRDA:251,30,1,2
BRDA:265,31,0,4
BRDA:265,31,1,29
BRDA:266,32,0,1
BRDA:266,32,1,3
BRDA:281,33,0,11
BRDA:281,33,1,18
BRDA:299,34,0,0
BRDA:299,34,1,0
BRDA:311,35,0,0
BRDA:311,36,0,0
BRF:78
BRH:71
end_of_record
TN:
SF:src/sloMetrics.js
FN:78,(anonymous_0)
FN:109,(anonymous_1)
FN:333,(anonymous_2)
FN:374,(anonymous_3)
FN:407,(anonymous_4)
FN:423,(anonymous_5)
FN:468,(anonymous_6)
FN:504,(anonymous_7)
FN:523,(anonymous_8)
FN:545,(anonymous_9)
FN:562,(anonymous_10)
FNF:11
FNH:11
FNDA:48,(anonymous_0)
FNDA:48,(anonymous_1)
FNDA:23,(anonymous_2)
FNDA:100,(anonymous_3)
FNDA:6,(anonymous_4)
FNDA:14,(anonymous_5)
FNDA:17,(anonymous_6)
FNDA:17,(anonymous_7)
FNDA:100,(anonymous_8)
FNDA:137,(anonymous_9)
FNDA:123,(anonymous_10)
DA:3,4
DA:4,4
DA:12,4
DA:15,4
DA:18,4
DA:79,48
DA:80,48
DA:83,48
DA:84,48
DA:85,48
DA:86,48
DA:87,48
DA:88,48
DA:89,48
DA:90,48
DA:94,48
DA:95,48
DA:96,48
DA:97,48
DA:100,48
DA:101,48
DA:102,48
DA:104,48
DA:110,48
DA:124,48
DA:145,48
DA:161,48
DA:170,48
DA:176,48
DA:193,48
DA:208,48
DA:215,48
DA:228,48
DA:250,48
DA:264,48
DA:275,48
DA:293,48
DA:303,48
DA:310,48
DA:311,48
DA:312,48
DA:313,48
DA:334,23
DA:335,23
DA:337,23
DA:339,23
DA:340,18
DA:341,18
DA:345,18
DA:346,5
DA:347,5
DA:348,1
DA:349,4
DA:350,1
DA:354,18
DA:355,18
DA:358,23
DA:375,100
DA:377,100
DA:379,100
DA:381,100
DA:382,71
DA:383,29
DA:384,1
DA:385,28
DA:386,1
DA:389,27
DA:392,100
DA:393,100
DA:408,6
DA:409,6
DA:410,6
DA:424,14
DA:428,14
DA:436,14
DA:438,14
DA:469,17
DA:505,17
DA:524,100
DA:527,100
DA:529,100
DA:530,100
DA:532,100
DA:534,100
DA:535,95
DA:546,137
DA:548,106
DA:549,106
DA:551,106
DA:555,106
DA:563,123
DA:564,123
DA:565,123
DA:569,4
LF:94
LH:94
BRDA:78,0,0,1
BRDA:79,1,0,48
BRDA:79,1,1,1
BRDA:80,2,0,48
BRDA:80,2,1,48
BRDA:83,3,0,48
BRDA:83,3,1,46
BRDA:84,4,0,48
BRDA:84,4,1,41
BRDA:85,5,0,48
BRDA:85,5,1,42
BRDA:86,6,0,48
BRDA:86,6,1,35
BRDA:87,7,0,48
BRDA:87,7,1,47
BRDA:88,8,0,48
BRDA:88,8,1,46
BRDA:89,9,0,48
BRDA:89,9,1,42
BRDA:90,10,0,48
BRDA:90,10,1,42
BRDA:333,11,0,23
BRDA:333,12,0,23
BRDA:333,13,0,10
BRDA:339,14,0,18
BRDA:339,14,1,5
BRDA:345,15,0,5
BRDA:345,15,1,13
BRDA:347,16,0,1
BRDA:347,16,1,4
BRDA:349,17,0,1
BRDA:349,17,1,3
BRDA:375,18,0,99
BRDA:375,18,1,1
BRDA:381,19,0,71
BRDA:381,19,1,29
BRDA:383,20,0,1
BRDA:383,20,1,28
BRDA:385,21,0,1
BRDA:385,21,1,27
BRDA:409,22,0,2
BRDA:409,22,1,4
BRDA:423,23,0,11
BRDA:424,24,0,4
BRDA:424,24,1,10
BRDA:428,25,0,10
BRDA:428,25,1,4
BRDA:430,26,0,2
BRDA:430,26,1,2
BRDA:432,27,0,1
BRDA:432,27,1,1
BRDA:441,28,0,14
BRDA:441,28,1,10
BRDA:442,29,0,4
BRDA:442,29,1,10
BRDA:451,30,0,11
BRDA:451,30,1,3
BRDA:451,31,0,0
BRDA:451,31,1,3
BRDA:527,32,0,5
BRDA:527,32,1,95
BRDA:530,33,0,29
BRDA:530,33,1,71
BRDA:534,34,0,95
BRDA:534,34,1,5
BRDA:546,35,0,31
BRDA:546,35,1,106
BRDA:551,36,0,106
BRDA:551,36,1,0
BRDA:553,37,0,0
BRDA:553,37,1,0
BRF:71
BRH:67
end_of_record
TN:
SF:src/taskSnapshot.js
FN:38,(anonymous_0)
FN:69,(anonymous_1)
FN:74,(anonymous_2)
FN:99,(anonymous_3)
FN:148,(anonymous_4)
FN:164,(anonymous_5)
FN:185,(anonymous_6)
FN:199,(anonymous_7)
FN:215,(anonymous_8)
FNF:9
FNH:9
FNDA:72,(anonymous_0)
FNDA:31,(anonymous_1)
FNDA:117,(anonymous_2)
FNDA:48,(anonymous_3)
FNDA:10,(anonymous_4)
FNDA:16,(anonymous_5)
FNDA:38,(anonymous_6)
FNDA:16,(anonymous_7)
FNDA:9,(anonymous_8)
DA:3,5
DA:4,5
DA:5,5
DA:6,5
DA:8,5
DA:9,5
DA:39,72
DA:40,72
DA:41,72
DA:42,72
DA:43,72
DA:44,72
DA:47,72
DA:48,72
DA:49,72
DA:50,72
DA:51,72
DA:52,72
DA:55,72
DA:70,31
DA:74,117
DA:79,31
DA:80,31
DA:82,31
DA:83,9
DA:85,8
DA:86,8
DA:100,48
DA:103,22
DA:104,22
DA:106,1
DA:107,1
DA:111,21
DA:112,21
DA:114,2
DA:115,2
DA:118,19
DA:119,3
DA:120,3
DA:123,16
DA:125,16
DA:126,2
DA:127,2
DA:128,2
DA:131,14
DA:132,14
DA:133,14
DA:149,10
DA:150,10
DA:152,7
DA:153,3
DA:156,5
DA:165,16
DA:186,38
DA:200,16
DA:201,16
DA:202,7
DA:216,9
DA:218,9
DA:219,9
DA:227,5
LF:61
LH:61
BRDA:38,0,0,0
BRDA:39,1,0,72
BRDA:39,1,1,31
BRDA:40,2,0,72
BRDA:40,2,1,71
BRDA:42,3,0,72
BRDA:42,3,1,59
BRDA:43,4,0,72
BRDA:43,4,1,65
BRDA:44,5,0,72
BRDA:44,5,1,41
BRDA:100,6,0,26
BRDA:100,6,1,22
BRDA:118,7,0,3
BRDA:118,7,1,16
BRDA:123,8,0,9
BRDA:123,8,1,7
BRDA:125,9,0,2
BRDA:125,9,1,14
BRDA:148,10,0,9
BRDA:149,11,0,10
BRDA:149,11,1,0
BRDA:150,12,0,3
BRDA:150,12,1,7
BRDA:152,13,0,3
BRDA:152,13,1,4
BRDA:152,14,0,7
BRDA:152,14,1,4
BRDA:153,15,0,2
BRDA:153,15,1,1
BRDA:201,16,0,9
BRDA:201,16,1,7
BRF:32
BRH:30
end_of_record
